BGLRL5400085 not found because Cannot find an object with identity: 'BGLRL5400085' under: 'DC=bsg,DC=ad,DC=adp,DC=com'.
BGLRM9100119 not found because Cannot find an object with identity: 'BGLRM9100119' under: 'DC=bsg,DC=ad,DC=adp,DC=com'.
BGLRM9100700 not found because Cannot find an object with identity: 'BGLRM9100700' under: 'DC=bsg,DC=ad,DC=adp,DC=com'.
BGLRM9100788 removed
BGLRT49500103 removed
BGLRM9100746 removed
BGLRO7060068 removed
BGLRM9000281 removed
BGLRM9100488 removed
BGLRM9001170 removed
BGLRT4300008 removed
BGLRM9100290 removed
BGLRM9100386 removed
BGLRM9000763 removed
BGLRM9100610 removed
BGLRM9000809 removed
BGLRM9000497 removed
BGLRO7060018 removed
BGLRT4600214 removed
BGLRT49500573 removed
BGLRM9000848 not found because The directory service can perform the requested operation only on a leaf object
BGLRM9100093 removed
BGLRM9100540 removed
BGLRT1400076 removed
BGLRM91S00053 removed
BGLRO7060085 removed
BGLRM9100616 removed
BGLRM9100424 removed
BGLRO7060145 removed
BGLRM9100121 removed
BGLRM9001102 removed
BGLRM9100094 removed
BGLRO7060146 removed
BGLRM9100504 removed
BGLRM9100071 removed
BGLRM9000107 removed
BGLRM91S00010 removed
BGLRT4700039 removed
BGLRO7060358 removed
BGLRM91S00057 removed
BGLRM9000628 removed
BGLRT49500481 removed
BGLRT1400034 removed
BGLRM9000885 removed
BGLRM9100173 removed
BGLRM9000333 removed
BGLRM9001125 removed
BGLRM91S00011 removed
BGLRM9000381 removed
BGLRM9001140 removed
BGLRM9000469 removed
BGLRM9100628 removed
BGLRM91S00012 removed
BGLRT4600232 removed
BGLRX10009 removed
BGLRO7060342 removed
BGLRM9100182 removed
BGLRM9001126 removed
BGLRM9100774 removed
BGLRM9100606 removed
BGLRM9000516 removed
BGLRM9000690 removed
BGLRT4800386 removed
BGLRO7060148 removed
BGLRM9100214 removed
BGLRT4950007 removed
BGLRT4800070 removed
BGLRL5400305 removed
BGLRO7060046 removed
BGLRT4700054 removed
BGLRM9000346 removed
BGLRM9000382 removed
BGLRT4500012 removed
BGLRM91S00006 removed
BGLRT4600270 removed
BGLRM9100184 removed
BGLRM91S00007 removed
BGLRM9000649 removed
BGLRM9000783 removed
BGLRM9100151 removed
BGLRO7060151 removed
BGLRM9100012 removed
BGLRM9100584 removed
BGLRT4700068 removed
BGLRM9000772 removed
BGLRM9100556 removed
BGLRM9100255 removed
BGLRT4600150 removed
BGLRM9001191 removed
BGLRM9001141 removed
BGLRM9100291 removed
BGLRM9000858 removed
BGLRM91S00036 removed
BGLRT4600305 removed
BGLRM9000201 removed
BGLRM9001190 removed
BGLRM91S00052 removed
BGLRO7060045 removed
BGLRO7060048 removed
BGLRT4700312 removed
BGLRM9000479 removed
BGLRT4600350 removed
BGLRM9100784 removed
BGLRM9001176 removed
BGLRO7060014 removed
BGLRT4700666 removed
BGLRT4700311 removed
BGLRO7060306 removed
BGLRM9100068 removed
BGLRM91S00022 removed
BGLRM9000853 removed
BGLRT49500413 removed
BGLRM91S00020 removed
BGLRM9001173 removed
BGLRL5400053 removed
BGLRO7060366 removed
BGLRT4600291 removed
BGLRM9100783 removed
BGLRO7060019 removed
BGLRM9001181 removed
BGLRO7060401 removed
BGLRM9001143 removed
BGLRM9100725 removed
BGLRT4600332 removed
BGLRT4600340 removed
BGLRT4600221 removed
BGLRM9001188 removed
BGLRO7060400 removed
BGLRM9100321 removed
BGLRM91S00028 removed
BGLRM9000643 removed
BGLRM9001124 removed
BGLRM91S00001 removed
BGLRM91S00008 removed
BGLRO7060027 removed
BGLRM901034 removed
BGLRT4800027 removed
BGLRM9100232 removed
BGLRO7060402 removed
BGLRM9000768 removed
BGLRM9100631 removed
BGLRM9100474 removed
BGLRM91S00030 removed
BGLRT4700535 removed
BGLRT4700281 removed
BGLRM9000818 removed
BGLRM9000671 removed
BGLRO7060403 removed
BGLRT4800101 removed
BGLRM9100493 removed
BGLRM91S00024 removed
BGLRM9001180 removed
BGLRT4600325 removed
BGLRM9100494 removed
BGLRM9100070 removed
BGLRT4700580 removed
BGLRM9100142 removed
BGLRT4600323 removed
BGLR5400494 removed
BGLRT45900205 removed
BGLRT4800398 removed
BGLRM9100047 removed
BGLR5400495 removed
BGLRM9000349 removed
BGLRM9100225 removed
BGLRO7060066 removed
BGLRM9000592 removed
BGLRM9001189 removed
BGLRM9100600 removed
BGLRT1400126 removed
BGLRM91S00038 removed
BGLRM9100644 removed
BGLRO7060015 removed
BGLRT49500372 removed
BGLRM9100638 removed
BGLRM9100476 removed
BGLRT4800522 removed
BGLRM9000601 removed
BGLRM9100787 removed
BGLR5400496 removed
BGLRM9000651 removed
BGLRO7060012 removed
BGLRL5400113 removed
BGLRT4600651 removed
BGLR0706133 removed
BGLRM91S00055 removed
BGLRO706130 removed
BGLRM9000162 removed
BGLRO7060165 removed
BGLRM9100226 removed
BGLRT450020 removed
BGLRT4800106 removed
BGLRO7060179 removed
BGLRM9001002 removed
BGLRM9100233 removed
BGLRM9000399 removed
BGLRM9000757 removed
BGLRO706132 not found because Cannot find an object with identity: 'BGLRO706132' under: 'DC=bsg,DC=ad,DC=adp,DC=com'.
BGLRO7060162 removed
BGLRM9100108 removed
BGLRO7060404 removed
BGLRO706137 removed
BGLRM9100227 removed
BGLRT4600317 removed
BGLRO706136 removed
BGLRM9100786 removed
BGLRM9001194 removed
BGLRM9100140 removed
BGLRO7060383 removed
BGLRT44000001 removed
BGLRM91S00042 removed
BGLRM9001184 removed
BGLRM9001144 removed
BGLRM9100460 removed
BGLRT4800470 removed
BGLRT4600231 removed
BGLRT4800382 removed
BGLRM9100133 removed
BGLRM9000566 removed
BGLRM9100853 removed
BGLRM9100637 removed
BGLRT4600220 removed
BGLRM9001145 removed
BGLRT4700288 removed
BGLRM9100461 removed
BGLRM9001163 removed
BGLRM9001011 removed
BGLRM9100569 removed
BGLRT4700097 removed
BGLRT4500021 removed
BGLRM9100078 not found because The directory service can perform the requested operation only on a leaf object
BGLRM9100560 removed
BGLRM9100747 removed
BGLRM9000702 removed
BGLRL5400002 removed
BGLRM9100764 removed
BGLRT4800359 removed
BGLRM9100409 removed
BGLRM91S00044 removed
BGLRM9100765 removed
BGLRT4600280 removed
BGLRM9100381 removed
BGLRM9000845 removed
BGLRM9100164 removed
BGLRO7060021 removed
BGLRL5400312 removed
BGLRT4400023 removed
BGLRM9000480 removed
BGLRM9001107 not found because The directory service can perform the requested operation only on a leaf object
BGLRT4400022 removed
BGLRM9001121 removed
BGLRT4400021 removed
BGLRO7060407 removed
BGLRM91S00045 removed
BGLRT4500023 removed
BGLRM9100624 removed
BGLRM9100463 removed
BGLRT4800047 removed
BGLRT1400063 removed
BGLRT4600322 removed
BGLRT4600339 removed
BGLRT4800014 removed
BGLRM9000693 removed
BGLRM9100766 removed
BGLRM9000400 removed
BGLRT4400024 removed
BGLRO7060408 removed
BGLRT49500619 removed
BGLRO7060005 removed
BGLRM9100235 removed
BGLRL5400127 removed
BGLRO7060086 removed
BGLRM9000842 removed
BGLRM91S00046 removed
BGLRO7060023 removed
BGLRM9000477 removed
BGLRM9100707 removed
BGLRM9100743 removed
BGLRO7060180 removed
BGLRM9100770 removed
BGLRO7060090 removed
BGLRM9001182 removed
BGLRM9000915 removed
BGLRL5400476 removed
BGLRM9000645 removed
BGLRT4600187 removed
BGLRT4800219 removed
BGLRT4700316 removed
BGLRO7060143 removed
BGLRX10004 removed
BGLRM9001108 removed
BGLRM9000665 removed
BGLRL5400152 removed
BGLRM9000401 removed
BGLRT4700668 removed
BGLRM91S00047 removed
BGLRT4700056 removed
BGLRM9100648 removed
BGLRM9001186 removed
BGLRT4500022 removed
BGLRM9100088 removed
BGLRT4500004 removed
BGLRT4800220 removed
BGLRT4500025 removed
BGLRT4950020 removed
BGLRT4400025 removed
BGLRM9000760 removed
BGLRO7060182 removed
BGLRO7060302 removed
BGLRM9000574 removed
BGLRM9000373 removed
BGLRM9001109 removed
BGLRT1400067 removed
BGLRT4500026 removed
BGLRM91S00100 removed
BGLRM9100595 removed
BGLRM9001133 removed
BGLRL5400287 removed
BGLRT4500024 removed
BGLRM91S00101 removed
BGLRM9100720 removed
BGLRM9001134 removed
BGLRT4700307 removed
BGLRT1400041 removed
BGLR5400003 removed
BGLRO7060062 removed
BGLRT1400134 removed
BGLRL5400033 removed
BGLRT4600212 removed
BGLRO7060304 removed
BGLRM9100791 removed
BGLRM9100245 removed
BGLRO7060053 removed
BGLRM9100402 removed
BGLRO706140 not found because Cannot find an object with identity: 'BGLRO706140' under: 'DC=bsg,DC=ad,DC=adp,DC=com'.
BGLRM9000911 removed
BGLRM9000515 removed
BGLRT4700511 removed
BGLRT4700029 removed
BGLRM9000857 removed
BGLRT4950081 removed
BGLRM9100196 removed
BGLRM9000916 removed
BGLRM9100781 removed
BGLRT4500005 removed
BGLRM9001110 removed
BGLRO7060052 removed
BGLRM901026 removed
BGLRM91000143 removed
BGLRM9100785 removed
BGLRM9000209 removed
BGLRM9000405 removed
BGLRM9000012 removed
BGLRM9000738 removed
BGLRM901016 removed
BGLRM901029 removed
BGLRM9100437 removed
BGLRT49500822 removed
BGLRM9000652 removed
BGLRT4950006 removed
BGLRO706138 removed
BGLRM901010 removed
BGLRT49500466 removed
BGLRM9000796 removed
BGLRM9100170 removed
BGLRM9100251 removed
BGLRL54900055 removed
BGLRT549500213 removed
BGLRT1400143 removed
BGLRM9100611 removed
BGLRO7060144 removed
BGLRT47000106 removed
BGLRT4600341 removed
BGLRM9100111 removed
BGLRO7060301 removed
BGLRT4600304 removed
BGLRO7060036 removed
BGLRO7060308 removed
BGLRO7060035 removed
BGLRT4600319 removed
BGLRO7060073 removed
BGLRO706144 not found because Cannot find an object with identity: 'BGLRO706144' under: 'DC=bsg,DC=ad,DC=adp,DC=com'.
BGLRO7060326 removed
BGLRO7060093 removed
BGLRM9100612 removed
BGLRM9000907 removed
BGLRT4600309 removed
BGLRM9100276 removed
BGLRO7060094 not found because Cannot find an object with identity: 'BGLRO7060094' under: 'DC=bsg,DC=ad,DC=adp,DC=com'.
BGLRT49500475 removed
BGLRM901028 removed
BGLRM9100614 removed
BGLRM9100035 removed
BGLRT49500133 removed
BGLRT4800233 removed
BGLRO7060095 removed
BGLRM9000653 removed
BGLRM9100745 removed
BGLRX10008 removed
BGLRM9100527 removed
BGLRO7060328 removed
BGLRT4400026 removed
BGLRM9100601 removed
BGLRM901012 removed
BGLRM9100484 removed
BGLRM9100718 removed
BGLRO7060016 removed
BGLRM901011 removed
BGLRO7060017 removed
BGLRM901015 removed
BGLRM9000851 removed
BGLRM901030 removed
BGLRM9000322 removed
BGLRT4600342 removed
BGLRL5400681 removed
BGLRT4800387 removed
BGLRM9000623 removed
BGLRM9100296 removed
BGLRO706145 removed
BGLRM9100613 removed
BGLRM901013 removed
BGLRO7060195 removed
BGLRM9001119 removed
BGLRL5400011 removed
BGLRT4600343 removed
BGLRO7060196 removed
BGLRM9000729 removed
BGLRM9001192 removed
BGLRM9000418 removed
BGLRT4800378 removed
BGLRM9000368 removed
BGLRM9001003 removed
BGLRO7060096 removed
BGLRO7060329 removed
BGLRM9100608 removed
HBADT4400176 removed
BGLRT4600344 removed
BGLRM9100518 removed
BGLRM91S00015 removed
BGLRO7060310 removed
BGLRM9100755 removed
BGLRT4400020 removed
BGLRM9000734 removed
BGLRM9000852 removed
BGLRT4800005 removed
BGLRM9100910 removed
BGLRO7060349 removed
BGLRL00045 removed
BGLRO7060367 removed
BGLRT4600240 removed
BGLRO7060350 removed
BGLRM9000762 removed
BGLRO7060112 removed
BGLRO7060351 removed
BGLRO706147 removed
BGLRM91S00058 removed
BGLRT4600122 not found because The directory service can perform the requested operation only on a leaf object
BGLRM9100412 removed
BGLRM9100780 removed
BGLRO7060199 removed
BGLRM9001105 removed
BGLRM9000395 removed
BGLRO7060113 removed
BGLRO7060200 removed
BGLRM9000889 removed
BGLRO7060332 not found because The directory service can perform the requested operation only on a leaf object
BGLRO7060114 removed
BGLRM9100413 removed
BGLRT4700513 removed
BGLRT4800484 removed
BGLRO706115 removed
BGLRT4700304 removed
BGLRM9100485 removed
BGLRO7060313 removed
BGLRL5400327 removed
BGLRM9100414 removed
BGLRM9000496 removed
BGLRM9001174 removed
BGLRT4700628 removed
BGLRO7060362 removed
BGLRT4600320 removed
BGLRT4700541 removed
BGLRM9100051 removed
BGLRM9000559 removed
BGLR5400048 removed
BGLRO706152 removed
BGLRL4500406 removed
BGLRM9100472 removed
BGLRT4700400 removed
BGLRM9100706 removed
BGLRM9000654 removed
BGLRM9000830 removed
BGLRM9100533 removed
BGLRM9100741 removed
BGLRT4600314 removed
BGLRT4600318 removed
BGLRO7060074 removed
BGLRM9100388 removed
BGLRT4700047 removed
BGLRM900115 removed
BGLRM9100052 removed
BGLRM4700374 removed
BGLRT4600162 removed
BGLRM9100264 removed
BGLRT4700025 removed
BGLRM9100602 removed
BGLRO7060116 removed
BGLRM9100160 removed
BGLRT4800385 removed
BGLRM9000708 removed
BGLRO7060369 removed
BGLRO7060041 removed
BGLRL5400368 removed
BGLRO7060076 removed
BGLRM9000819 removed
BGLRM9100447 removed
BGLRM9000390 removed
BGLRM9001175 removed
BGLRM9000622 removed
BGLRM90001149 removed
BGLRM9000867 removed
BGLRT4700042 removed
BGLRM9100779 removed
BGLRM9000820 removed
BGLRL5400210 removed
BGLRM9000749 removed
BGLRO7060129 removed
BGLRO7060385 removed
BGLRM9100749 removed
BGLRM9000838 removed
BGLRM9100478 removed
BGLRM9100592 removed
BGLRM9000839 removed
BGLRM9100431 removed
BGLRM9100457 removed
BGLRM9000674 removed
BGLRL5400022 removed
BGLRO7060040 removed
BGLRM9001179 removed
BGLRM9100782 removed
BGLRT4700622 removed
BGLRO7060039 removed
BGLRM9000795 removed
BGLRO7060201 removed
BGLRM9100790 removed
BGLRO7060009 removed
BGLRT1400140 removed
BGLRT4600282 removed
BGLRM901007 removed
BGLRL5400170 removed
BGLRO7060077 removed
BGLRO7060204 removed
BGLRO706118 removed
BGLRM9000599 removed
BGLRM9100477 removed
BGLRO7060205 removed
BGLRO7060098 removed
BGLRT4800391 removed
BGLRO7060206 not found because Cannot find an object with identity: 'BGLRO7060206' under: 'DC=bsg,DC=ad,DC=adp,DC=com'.
BGLRM900113 removed
BGLRO7060132 removed
BGLRM9100722 removed
BGLRM9100523 removed
BGLRM9100778 removed
BGLRM9001185 removed
BGLRM9100751 removed
BGLRO7060030 removed
BGLRO7060078 removed
BGLRO706122 removed
BGLRM9000711 removed
BGLRM9000292 removed
BGLRT4800167 removed
BGLRM9100183 removed
BGLRM9100205 removed
BGLRT49500395 removed
BGLRM9000503 removed
BGLRM9001165 removed
BGLRT4800015 removed
BGLRM9100738 removed
BGLRM9001148 removed
BGLRM9100543 removed
BGLRM9100249 removed
BGLRM901008 removed
BGLRM9000862 removed
BGLRT4700076 removed
BGLRM9100185 removed
BGLRM9100207 removed
BGLRM9000747 removed
BGLRT4700313 removed
BGLRO7060133 removed
BGLRO7060187 not found because Cannot find an object with identity: 'BGLRO7060187' under: 'DC=bsg,DC=ad,DC=adp,DC=com'.
BGLRT4800115 removed
BGLRO7060141 removed
BGLRM9000493 removed
BGLRM9100427 removed
BGLRM9100481 removed
BGLRL74200071 removed
BGLRO7060010 removed
BGLRM9100141 removed
BGLRM90001172 removed
BGLRO7060189 removed
BGLRT4700009 removed
BGLRM9000869 removed
BGLRT4700086 removed
BGLRM9100759 removed
BGLRM9000850 removed
BGLRT4600328 removed
BGLRM9000912 removed
BGLRO7060029 removed
BGLRO7060056 removed
BGLRO706124 not found because Cannot find an object with identity: 'BGLRO706124' under: 'DC=bsg,DC=ad,DC=adp,DC=com'.
BGLRM9001007 removed
BGLRM9100429 removed
BGLRM9100430 removed
BGLRM9000624 removed
BGLRM9100713 removed
BGLRL5400185 removed
BGLRO706123 removed
BGLRO7060099 removed
BGLRM9000789 removed
BGLRM9001164 removed
BGLRM9001111 removed
BGLR5400184 removed
BGLRM9100371 removed
BGLRT4700383 removed
BGLRO7060055 removed
BGLRM9000756 removed
BGLRM9000813 removed
BGLRM9100760 removed
BGLRO7060054 removed
BGLRT4600239 removed
BGLRO7060050 removed
BGLRT4700547 removed
BGLRO7060152 removed
BGLRO7060011 removed
BGLRT4600271 removed
BGLRO7060136 removed
BGLRO7060153 removed
BGLRO7060176 removed
BGLRM9001112 removed
BGLRM9100772 removed
BGLRM9000816 removed
BGLRM9100483 removed
BGLRT5400588 removed
BGLRM9100710 removed
BGLRM9100715 removed
BGLRM9000790 removed
BGLRM9100482 removed
BGLRT4800407 removed
BGLRM9100761 removed
BGLRO7060155 removed
BGLRO70600009 removed
BGLRM9100757 removed
BGLRL5400336 removed
BGLRT4700617 removed
BGLRO7060314 removed
BGLRM9100762 removed
BGLRT5400139 removed
BGLRO7060101 removed
BGLRO706121 removed
BGLRM9100486 removed
BGLRL5400514 removed
BGLRM9100622 removed
BGLRM901031 removed
BGLRM9100620 removed
BGLRM9100623 removed
BGLRM9100735 removed
BGLRM91S00054 removed
BGLRM9100100 removed
BGLRO7060320 removed
BGLRT4700403 removed
BGLRT4700409 removed
BGLRM9100150 removed
BGLRT49500507 removed
BGLRM9000880 removed
BGLRT4800084 removed
BGLRM9100189 removed
BGLRM91S00003 removed
BGLRM9100789 removed
BGLRM9100309 removed
BGLRO7060079 not found because Cannot find an object with identity: 'BGLRO7060079' under: 'DC=bsg,DC=ad,DC=adp,DC=com'.
BGLRM9100498 removed
BGLRM9001152 removed
BGLRM9000870 removed
BGLRM9100193 removed
BGLRM9100316 removed
BGLRM9000854 removed
BGLRM9100449 removed
BGLRT4600186 removed
BGLRM9000855 removed
BGLRM901018 removed
BGLRL5400562 removed
BGLRM9100773 removed
BGLRM9000741 removed
BGLRM9100323 removed
BGLRM9100336 removed
BGLRM9100115 removed
BGLRL5400141 removed
BGLRM901019 removed
BGLRM9001161 removed
BGLRT4700659 removed
BGLRO7060322 removed
BGLRM9100621 removed
BGLRM9000917 removed
BGLRT4700338 removed
BGLRO7060117 removed
BGLRM9000769 removed
BGLR9000919 removed
BGLRO7060118 removed
BGLRO7060192 removed
BGLRM9000883 removed
BGLRM9001150 removed
BGLRM9001155 removed
BGLRM9100405 removed
BGLRO7060193 removed
BGLRM9001153 removed
BGLRM9000099 removed
BGLRM9100852 removed
BGLRL5400342 removed
BGLRM9000449 removed
BGLRM91000144 removed
BGLRT49500329 removed
BGLRL5400198 removed
BGLRM9001154 removed
BGLRT4800442 removed
BGLRM9000386 removed
BGLRM9100577 removed
BGLRM9000200 removed
BGLRO7060157 removed
BGLRM9100536 removed
BGLRM9001147 removed
BGLRM9100310 removed
BGLRO7060106 removed
BGLRM9000776 removed
BGLRM9000698 removed
BGLRO7060156 removed
BGLRM9100175 removed
BGLRM9000676 removed
BGLRM9100775 removed
BGLRM9000114 removed
BGLRM9001209 removed
BGLRO7060108 removed
BGLRT4600 removed
BGLRO7060324 removed
BGLRM9001156 removed
BGLRO7060107 removed
BGLRM901023 removed
BGLRT49500610 removed
BGLRO7060119 removed
BGLRO7060325 removed
BGLRM9000284 removed
BGLRM9001157 removed
BGLRO7060105 removed
BGLRM9001159 removed
BGLRT4700318 removed
BGLRO7060159 removed
BGLRO7060311 removed
BGLRM9100578 removed
BGLRO7060405 removed
BGLRL5400075 removed
BGLRO7060158 removed
BGLRO7060317 removed
BGLRO7060309 removed
BGLRO7060406 removed
BGLRM9100117 removed
BGLRO7060318 removed
BGLRM9100438 removed
BGLRT4700385 removed
BGLRM9000868 removed
BGLRT1400083 removed
BGLRM9100439 removed
BGLRT4400002 removed
BGLRM9000902 removed
BGLRO7060333 removed
BGLRM9100042 removed
BGLRT4800239 removed
BGLRL5400620 removed
BGLRT49500138 removed
BGLRM9000750 removed
BGLRT4700679 removed
BGLRO7060334 removed
BGLRM9100776 removed
BGLRL49500190 removed
BGLRM9100055 removed
BGLRM9100535 removed
BGLRM9100081 removed
BGLRM9100116 removed
BGLRO7060305 removed
BGLRO7060065 removed
BGLRO7060069 not found because The directory service can perform the requested operation only on a leaf object
BGLRM9001158 removed
BGLRM9100324 removed
BGLRT4600265 removed
BGLRT4700377 removed
BGLRM9000906 removed
BGLRM9100734 removed
BGLRM9001137 removed
BGLRT1400003 removed
BGLRM9000751 removed
BGLRM9100459 removed
BGLRO7060170 not found because The directory service can perform the requested operation only on a leaf object
BGLRT4800088 removed
BGLRM9000369 removed
BGLRM9000847 removed
BGLRM91S00037 removed
BGLRO7060336 removed
BGLRM9100499 removed
BGLRM9000614 removed
BGLRO7060064 removed
BGLRM9000764 removed
BGLRM9000856 removed
BGLRO7060224 removed
BGLRM9100440 removed
BGLRO7060122 removed
BGLRO7060194 removed
BGLRO7060340 removed
BGLRM9000459 removed
BGLRM9000675 removed
BGLRM9000886 removed
BGLRO7060337 removed
BGLRO7060341 removed
BGLRM9000569 not found because The directory service can perform the requested operation only on a leaf object
BGLRM9000918 removed
BGLRM9100539 removed
BGLRT4800222 removed
BGLRM9100067 removed
BGLRM9000617 removed
BGLRM9001193 removed
BGLRM9001211 removed
BGLRO7060343 removed
BGLRM9100763 removed
BGLRO7060067 removed
BGLRM91S00039 removed
BGLRL5400608 removed
BGLRM9001138 removed
BGLRM9000454 removed
BGLRM9100155 removed
BGLRM9100442 removed
BGLRL54900063 removed
BGLRM9100729 removed
BGLRT4700283 removed
BGLRM9000509 removed
BGLRO7060370 removed
BGLRM9100748 removed
BGLRM9100777 removed
BGLRM9000467 removed
BGLRM9100423 removed
BGLRM9000519 removed
BGLRT4700521 removed
BGLRT4800078 removed
BGLRM9001101 removed
BGLRT4600345 removed
BGLRM9100219 removed
BGLRM9100375 removed
BGLRM9100851 removed
BGLRM9000860 removed
BGLRM9001128 removed
BGLRM9100453 removed
BGLRT4800434 removed
BGLRM91S00040 removed
BGLRM9000581 removed
BGLRM9000585 removed
BGLRT49500101 removed
BGLRX10005 removed
